{"nbformat":4,"nbformat_minor":0,"metadata":{"colab":{"provenance":[],"authorship_tag":"ABX9TyMtRFIYqW1274i9lUjfEBXr"},"kernelspec":{"name":"python3","display_name":"Python 3"},"language_info":{"name":"python"}},"cells":[{"cell_type":"code","source":[],"metadata":{"id":"xbYJe-IeEK3o"},"execution_count":null,"outputs":[]},{"cell_type":"code","execution_count":null,"metadata":{"colab":{"base_uri":"https://localhost:8080/"},"id":"XFiWM7_Z9gZk","executionInfo":{"status":"error","timestamp":1695818875002,"user_tz":-330,"elapsed":4283,"user":{"displayName":"Ishu jain","userId":"06791916763993434474"}},"outputId":"fff1ff38-6016-4c0a-89c2-503ec4922926"},"outputs":[{"output_type":"error","ename":"RuntimeError","evalue":"ignored","traceback":["\u001b[0;31m---------------------------------------------------------------------------\u001b[0m","\u001b[0;31mFileNotFoundError\u001b[0m                         Traceback (most recent call last)","\u001b[0;32m/usr/local/lib/python3.10/dist-packages/langchain/document_loaders/text.py\u001b[0m in \u001b[0;36mload\u001b[0;34m(self)\u001b[0m\n\u001b[1;32m     39\u001b[0m         \u001b[0;32mtry\u001b[0m\u001b[0;34m:\u001b[0m\u001b[0;34m\u001b[0m\u001b[0;34m\u001b[0m\u001b[0m\n\u001b[0;32m---> 40\u001b[0;31m             \u001b[0;32mwith\u001b[0m \u001b[0mopen\u001b[0m\u001b[0;34m(\u001b[0m\u001b[0mself\u001b[0m\u001b[0;34m.\u001b[0m\u001b[0mfile_path\u001b[0m\u001b[0;34m,\u001b[0m \u001b[0mencoding\u001b[0m\u001b[0;34m=\u001b[0m\u001b[0mself\u001b[0m\u001b[0;34m.\u001b[0m\u001b[0mencoding\u001b[0m\u001b[0;34m)\u001b[0m \u001b[0;32mas\u001b[0m \u001b[0mf\u001b[0m\u001b[0;34m:\u001b[0m\u001b[0;34m\u001b[0m\u001b[0;34m\u001b[0m\u001b[0m\n\u001b[0m\u001b[1;32m     41\u001b[0m                 \u001b[0mtext\u001b[0m \u001b[0;34m=\u001b[0m \u001b[0mf\u001b[0m\u001b[0;34m.\u001b[0m\u001b[0mread\u001b[0m\u001b[0;34m(\u001b[0m\u001b[0;34m)\u001b[0m\u001b[0;34m\u001b[0m\u001b[0;34m\u001b[0m\u001b[0m\n","\u001b[0;31mFileNotFoundError\u001b[0m: [Errno 2] No such file or directory: 'data.txt'","\nThe above exception was the direct cause of the following exception:\n","\u001b[0;31mRuntimeError\u001b[0m                              Traceback (most recent call last)","\u001b[0;32m<ipython-input-5-de31d93ff09d>\u001b[0m in \u001b[0;36m<cell line: 26>\u001b[0;34m()\u001b[0m\n\u001b[1;32m     34\u001b[0m     \u001b[0mindex\u001b[0m \u001b[0;34m=\u001b[0m \u001b[0mVectorstoreIndexCreator\u001b[0m\u001b[0;34m(\u001b[0m\u001b[0mvectorstore_kwargs\u001b[0m\u001b[0;34m=\u001b[0m\u001b[0;34m{\u001b[0m\u001b[0;34m\"persist_directory\"\u001b[0m\u001b[0;34m:\u001b[0m\u001b[0;34m\"persist\"\u001b[0m\u001b[0;34m}\u001b[0m\u001b[0;34m)\u001b[0m\u001b[0;34m.\u001b[0m\u001b[0mfrom_loaders\u001b[0m\u001b[0;34m(\u001b[0m\u001b[0;34m[\u001b[0m\u001b[0mloader\u001b[0m\u001b[0;34m]\u001b[0m\u001b[0;34m)\u001b[0m\u001b[0;34m\u001b[0m\u001b[0;34m\u001b[0m\u001b[0m\n\u001b[1;32m     35\u001b[0m   \u001b[0;32melse\u001b[0m\u001b[0;34m:\u001b[0m\u001b[0;34m\u001b[0m\u001b[0;34m\u001b[0m\u001b[0m\n\u001b[0;32m---> 36\u001b[0;31m     \u001b[0mindex\u001b[0m \u001b[0;34m=\u001b[0m \u001b[0mVectorstoreIndexCreator\u001b[0m\u001b[0;34m(\u001b[0m\u001b[0;34m)\u001b[0m\u001b[0;34m.\u001b[0m\u001b[0mfrom_loaders\u001b[0m\u001b[0;34m(\u001b[0m\u001b[0;34m[\u001b[0m\u001b[0mloader\u001b[0m\u001b[0;34m]\u001b[0m\u001b[0;34m)\u001b[0m\u001b[0;34m\u001b[0m\u001b[0;34m\u001b[0m\u001b[0m\n\u001b[0m\u001b[1;32m     37\u001b[0m \u001b[0;34m\u001b[0m\u001b[0m\n\u001b[1;32m     38\u001b[0m chain = ConversationalRetrievalChain.from_llm(\n","\u001b[0;32m/usr/local/lib/python3.10/dist-packages/langchain/indexes/vectorstore.py\u001b[0m in \u001b[0;36mfrom_loaders\u001b[0;34m(self, loaders)\u001b[0m\n\u001b[1;32m     79\u001b[0m         \u001b[0mdocs\u001b[0m \u001b[0;34m=\u001b[0m \u001b[0;34m[\u001b[0m\u001b[0;34m]\u001b[0m\u001b[0;34m\u001b[0m\u001b[0;34m\u001b[0m\u001b[0m\n\u001b[1;32m     80\u001b[0m         \u001b[0;32mfor\u001b[0m \u001b[0mloader\u001b[0m \u001b[0;32min\u001b[0m \u001b[0mloaders\u001b[0m\u001b[0;34m:\u001b[0m\u001b[0;34m\u001b[0m\u001b[0;34m\u001b[0m\u001b[0m\n\u001b[0;32m---> 81\u001b[0;31m             \u001b[0mdocs\u001b[0m\u001b[0;34m.\u001b[0m\u001b[0mextend\u001b[0m\u001b[0;34m(\u001b[0m\u001b[0mloader\u001b[0m\u001b[0;34m.\u001b[0m\u001b[0mload\u001b[0m\u001b[0;34m(\u001b[0m\u001b[0;34m)\u001b[0m\u001b[0;34m)\u001b[0m\u001b[0;34m\u001b[0m\u001b[0;34m\u001b[0m\u001b[0m\n\u001b[0m\u001b[1;32m     82\u001b[0m         \u001b[0;32mreturn\u001b[0m \u001b[0mself\u001b[0m\u001b[0;34m.\u001b[0m\u001b[0mfrom_documents\u001b[0m\u001b[0;34m(\u001b[0m\u001b[0mdocs\u001b[0m\u001b[0;34m)\u001b[0m\u001b[0;34m\u001b[0m\u001b[0;34m\u001b[0m\u001b[0m\n\u001b[1;32m     83\u001b[0m \u001b[0;34m\u001b[0m\u001b[0m\n","\u001b[0;32m/usr/local/lib/python3.10/dist-packages/langchain/document_loaders/text.py\u001b[0m in \u001b[0;36mload\u001b[0;34m(self)\u001b[0m\n\u001b[1;32m     54\u001b[0m                 \u001b[0;32mraise\u001b[0m \u001b[0mRuntimeError\u001b[0m\u001b[0;34m(\u001b[0m\u001b[0;34mf\"Error loading {self.file_path}\"\u001b[0m\u001b[0;34m)\u001b[0m \u001b[0;32mfrom\u001b[0m \u001b[0me\u001b[0m\u001b[0;34m\u001b[0m\u001b[0;34m\u001b[0m\u001b[0m\n\u001b[1;32m     55\u001b[0m         \u001b[0;32mexcept\u001b[0m \u001b[0mException\u001b[0m \u001b[0;32mas\u001b[0m \u001b[0me\u001b[0m\u001b[0;34m:\u001b[0m\u001b[0;34m\u001b[0m\u001b[0;34m\u001b[0m\u001b[0m\n\u001b[0;32m---> 56\u001b[0;31m             \u001b[0;32mraise\u001b[0m \u001b[0mRuntimeError\u001b[0m\u001b[0;34m(\u001b[0m\u001b[0;34mf\"Error loading {self.file_path}\"\u001b[0m\u001b[0;34m)\u001b[0m \u001b[0;32mfrom\u001b[0m \u001b[0me\u001b[0m\u001b[0;34m\u001b[0m\u001b[0;34m\u001b[0m\u001b[0m\n\u001b[0m\u001b[1;32m     57\u001b[0m \u001b[0;34m\u001b[0m\u001b[0m\n\u001b[1;32m     58\u001b[0m         \u001b[0mmetadata\u001b[0m \u001b[0;34m=\u001b[0m \u001b[0;34m{\u001b[0m\u001b[0;34m\"source\"\u001b[0m\u001b[0;34m:\u001b[0m \u001b[0mself\u001b[0m\u001b[0;34m.\u001b[0m\u001b[0mfile_path\u001b[0m\u001b[0;34m}\u001b[0m\u001b[0;34m\u001b[0m\u001b[0;34m\u001b[0m\u001b[0m\n","\u001b[0;31mRuntimeError\u001b[0m: Error loading data.txt"]}],"source":["import os\n","import sys\n","\n","import openai\n","from langchain.chains import ConversationalRetrievalChain, RetrievalQA\n","from langchain.chat_models import ChatOpenAI\n","from langchain.document_loaders import DirectoryLoader, TextLoader\n","from langchain.embeddings import OpenAIEmbeddings\n","from langchain.indexes import VectorstoreIndexCreator\n","from langchain.indexes.vectorstore import VectorStoreIndexWrapper\n","from langchain.llms import OpenAI\n","from langchain.vectorstores import Chroma\n","\n","\n","# import constants\n","\n","os.environ[\"OPENAI_API_KEY\"] = \"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\"\n","\n","# Enable to save to disk & reuse the model (for repeated queries on the same data)\n","PERSIST = False\n","\n","query = None\n","if len(sys.argv) > 1:\n","  query = sys.argv[1]\n","\n","if PERSIST and os.path.exists(\"persist\"):\n","  print(\"Reusing index...\\n\")\n","  vectorstore = Chroma(persist_directory=\"persist\", embedding_function=OpenAIEmbeddings())\n","  index = VectorStoreIndexWrapper(vectorstore=vectorstore)\n","else:\n","  loader = TextLoader(\"data.txt\") # Use this line if you only need data.txt\n","  # loader = DirectoryLoader(\"data/\")\n","  if PERSIST:\n","    index = VectorstoreIndexCreator(vectorstore_kwargs={\"persist_directory\":\"persist\"}).from_loaders([loader])\n","  else:\n","    index = VectorstoreIndexCreator().from_loaders([loader])\n","\n","chain = ConversationalRetrievalChain.from_llm(\n","  llm=ChatOpenAI(model=\"gpt-3.5-turbo\"),\n","  retriever=index.vectorstore.as_retriever(search_kwargs={\"k\": 1}),\n",")\n","\n","chat_history = []\n","while True:\n","  if not query:\n","    query = input(\"Prompt: \")\n","  if query in ['quit', 'q', 'exit']:\n","    sys.exit()\n","  result = chain({\"question\": query, \"chat_history\": chat_history})\n","  print(result['answer'])\n","\n","  chat_history.append((query, result['answer']))\n","  query = None"]},{"cell_type":"code","source":["pip install langchain"],"metadata":{"id":"m1oi9Hae9hf_","executionInfo":{"status":"ok","timestamp":1695818831479,"user_tz":-330,"elapsed":9256,"user":{"displayName":"Ishu jain","userId":"06791916763993434474"}},"colab":{"base_uri":"https://localhost:8080/"},"outputId":"cf84acc8-c4a4-4782-f40e-0ef48f8388b3"},"execution_count":null,"outputs":[{"output_type":"stream","name":"stdout","text":["Collecting langchain\n","  Downloading langchain-0.0.302-py3-none-any.whl (1.7 MB)\n","\u001b[2K     \u001b[90m━━━━━━━━━━━━━━━━━━━━━━━━━━━━━━━━━━━━━━━━\u001b[0m \u001b[32m1.7/1.7 MB\u001b[0m \u001b[31m22.8 MB/s\u001b[0m eta \u001b[36m0:00:00\u001b[0m\n","\u001b[?25hRequirement already satisfied: PyYAML>=5.3 in /usr/local/lib/python3.10/dist-packages (from langchain) (6.0.1)\n","Requirement already satisfied: SQLAlchemy<3,>=1.4 in /usr/local/lib/python3.10/dist-packages (from langchain) (2.0.20)\n","Requirement already satisfied: aiohttp<4.0.0,>=3.8.3 in /usr/local/lib/python3.10/dist-packages (from langchain) (3.8.5)\n","Requirement already satisfied: anyio<4.0 in /usr/local/lib/python3.10/dist-packages (from langchain) (3.7.1)\n","Requirement already satisfied: async-timeout<5.0.0,>=4.0.0 in /usr/local/lib/python3.10/dist-packages (from langchain) (4.0.3)\n","Collecting dataclasses-json<0.7,>=0.5.7 (from langchain)\n","  Downloading dataclasses_json-0.6.1-py3-none-any.whl (27 kB)\n","Collecting jsonpatch<2.0,>=1.33 (from langchain)\n","  Downloading jsonpatch-1.33-py2.py3-none-any.whl (12 kB)\n","Collecting langsmith<0.1.0,>=0.0.38 (from langchain)\n","  Downloading langsmith-0.0.41-py3-none-any.whl (39 kB)\n","Requirement already satisfied: numexpr<3.0.0,>=2.8.4 in /usr/local/lib/python3.10/dist-packages (from langchain) (2.8.5)\n","Requirement already satisfied: numpy<2,>=1 in /usr/local/lib/python3.10/dist-packages (from langchain) (1.23.5)\n","Requirement already satisfied: pydantic<3,>=1 in /usr/local/lib/python3.10/dist-packages (from langchain) (1.10.12)\n","Requirement already satisfied: requests<3,>=2 in /usr/local/lib/python3.10/dist-packages (from langchain) (2.31.0)\n","Requirement already satisfied: tenacity<9.0.0,>=8.1.0 in /usr/local/lib/python3.10/dist-packages (from langchain) (8.2.3)\n","Requirement already satisfied: attrs>=17.3.0 in /usr/local/lib/python3.10/dist-packages (from aiohttp<4.0.0,>=3.8.3->langchain) (23.1.0)\n","Requirement already satisfied: charset-normalizer<4.0,>=2.0 in /usr/local/lib/python3.10/dist-packages (from aiohttp<4.0.0,>=3.8.3->langchain) (3.2.0)\n","Requirement already satisfied: multidict<7.0,>=4.5 in /usr/local/lib/python3.10/dist-packages (from aiohttp<4.0.0,>=3.8.3->langchain) (6.0.4)\n","Requirement already satisfied: yarl<2.0,>=1.0 in /usr/local/lib/python3.10/dist-packages (from aiohttp<4.0.0,>=3.8.3->langchain) (1.9.2)\n","Requirement already satisfied: frozenlist>=1.1.1 in /usr/local/lib/python3.10/dist-packages (from aiohttp<4.0.0,>=3.8.3->langchain) (1.4.0)\n","Requirement already satisfied: aiosignal>=1.1.2 in /usr/local/lib/python3.10/dist-packages (from aiohttp<4.0.0,>=3.8.3->langchain) (1.3.1)\n","Requirement already satisfied: idna>=2.8 in /usr/local/lib/python3.10/dist-packages (from anyio<4.0->langchain) (3.4)\n","Requirement already satisfied: sniffio>=1.1 in /usr/local/lib/python3.10/dist-packages (from anyio<4.0->langchain) (1.3.0)\n","Requirement already satisfied: exceptiongroup in /usr/local/lib/python3.10/dist-packages (from anyio<4.0->langchain) (1.1.3)\n","Collecting marshmallow<4.0.0,>=3.18.0 (from dataclasses-json<0.7,>=0.5.7->langchain)\n","  Downloading marshmallow-3.20.1-py3-none-any.whl (49 kB)\n","\u001b[2K     \u001b[90m━━━━━━━━━━━━━━━━━━━━━━━━━━━━━━━━━━━━━━━━\u001b[0m \u001b[32m49.4/49.4 kB\u001b[0m \u001b[31m6.3 MB/s\u001b[0m eta \u001b[36m0:00:00\u001b[0m\n","\u001b[?25hCollecting typing-inspect<1,>=0.4.0 (from dataclasses-json<0.7,>=0.5.7->langchain)\n","  Downloading typing_inspect-0.9.0-py3-none-any.whl (8.8 kB)\n","Collecting jsonpointer>=1.9 (from jsonpatch<2.0,>=1.33->langchain)\n","  Downloading jsonpointer-2.4-py2.py3-none-any.whl (7.8 kB)\n","Requirement already satisfied: typing-extensions>=4.2.0 in /usr/local/lib/python3.10/dist-packages (from pydantic<3,>=1->langchain) (4.5.0)\n","Requirement already satisfied: urllib3<3,>=1.21.1 in /usr/local/lib/python3.10/dist-packages (from requests<3,>=2->langchain) (2.0.4)\n","Requirement already satisfied: certifi>=2017.4.17 in /usr/local/lib/python3.10/dist-packages (from requests<3,>=2->langchain) (2023.7.22)\n","Requirement already satisfied: greenlet!=0.4.17 in /usr/local/lib/python3.10/dist-packages (from SQLAlchemy<3,>=1.4->langchain) (2.0.2)\n","Requirement already satisfied: packaging>=17.0 in /usr/local/lib/python3.10/dist-packages (from marshmallow<4.0.0,>=3.18.0->dataclasses-json<0.7,>=0.5.7->langchain) (23.1)\n","Collecting mypy-extensions>=0.3.0 (from typing-inspect<1,>=0.4.0->dataclasses-json<0.7,>=0.5.7->langchain)\n","  Downloading mypy_extensions-1.0.0-py3-none-any.whl (4.7 kB)\n","Installing collected packages: mypy-extensions, marshmallow, jsonpointer, typing-inspect, langsmith, jsonpatch, dataclasses-json, langchain\n","Successfully installed dataclasses-json-0.6.1 jsonpatch-1.33 jsonpointer-2.4 langchain-0.0.302 langsmith-0.0.41 marshmallow-3.20.1 mypy-extensions-1.0.0 typing-inspect-0.9.0\n"]}]},{"cell_type":"code","source":["pip install openai"],"metadata":{"colab":{"base_uri":"https://localhost:8080/"},"id":"2HqQTkZ79lMw","executionInfo":{"status":"ok","timestamp":1695818837542,"user_tz":-330,"elapsed":6068,"user":{"displayName":"Ishu jain","userId":"06791916763993434474"}},"outputId":"c60041ab-e865-440d-b1c6-c2aad4f7acae"},"execution_count":null,"outputs":[{"output_type":"stream","name":"stdout","text":["Collecting openai\n","  Downloading openai-0.28.1-py3-none-any.whl (76 kB)\n","\u001b[2K     \u001b[90m━━━━━━━━━━━━━━━━━━━━━━━━━━━━━━━━━━━━━━━━\u001b[0m \u001b[32m77.0/77.0 kB\u001b[0m \u001b[31m1.5 MB/s\u001b[0m eta \u001b[36m0:00:00\u001b[0m\n","\u001b[?25hRequirement already satisfied: requests>=2.20 in /usr/local/lib/python3.10/dist-packages (from openai) (2.31.0)\n","Requirement already satisfied: tqdm in /usr/local/lib/python3.10/dist-packages (from openai) (4.66.1)\n","Requirement already satisfied: aiohttp in /usr/local/lib/python3.10/dist-packages (from openai) (3.8.5)\n","Requirement already satisfied: charset-normalizer<4,>=2 in /usr/local/lib/python3.10/dist-packages (from requests>=2.20->openai) (3.2.0)\n","Requirement already satisfied: idna<4,>=2.5 in /usr/local/lib/python3.10/dist-packages (from requests>=2.20->openai) (3.4)\n","Requirement already satisfied: urllib3<3,>=1.21.1 in /usr/local/lib/python3.10/dist-packages (from requests>=2.20->openai) (2.0.4)\n","Requirement already satisfied: certifi>=2017.4.17 in /usr/local/lib/python3.10/dist-packages (from requests>=2.20->openai) (2023.7.22)\n","Requirement already satisfied: attrs>=17.3.0 in /usr/local/lib/python3.10/dist-packages (from aiohttp->openai) (23.1.0)\n","Requirement already satisfied: multidict<7.0,>=4.5 in /usr/local/lib/python3.10/dist-packages (from aiohttp->openai) (6.0.4)\n","Requirement already satisfied: async-timeout<5.0,>=4.0.0a3 in /usr/local/lib/python3.10/dist-packages (from aiohttp->openai) (4.0.3)\n","Requirement already satisfied: yarl<2.0,>=1.0 in /usr/local/lib/python3.10/dist-packages (from aiohttp->openai) (1.9.2)\n","Requirement already satisfied: frozenlist>=1.1.1 in /usr/local/lib/python3.10/dist-packages (from aiohttp->openai) (1.4.0)\n","Requirement already satisfied: aiosignal>=1.1.2 in /usr/local/lib/python3.10/dist-packages (from aiohttp->openai) (1.3.1)\n","Installing collected packages: openai\n","Successfully installed openai-0.28.1\n"]}]},{"cell_type":"code","source":["pip install chromadb"],"metadata":{"colab":{"base_uri":"https://localhost:8080/"},"id":"PihFpvxX9nd0","executionInfo":{"status":"ok","timestamp":1695818870760,"user_tz":-330,"elapsed":30504,"user":{"displayName":"Ishu jain","userId":"06791916763993434474"}},"outputId":"19b1ab75-a201-45b9-c02f-20d59b6a4cce"},"execution_count":null,"outputs":[{"output_type":"stream","name":"stdout","text":["Collecting chromadb\n","  Downloading chromadb-0.4.13-py3-none-any.whl (437 kB)\n","\u001b[2K     \u001b[90m━━━━━━━━━━━━━━━━━━━━━━━━━━━━━━━━━━━━━━━\u001b[0m \u001b[32m437.8/437.8 kB\u001b[0m \u001b[31m6.5 MB/s\u001b[0m eta \u001b[36m0:00:00\u001b[0m\n","\u001b[?25hRequirement already satisfied: requests>=2.28 in /usr/local/lib/python3.10/dist-packages (from chromadb) (2.31.0)\n","Requirement already satisfied: pydantic>=1.9 in /usr/local/lib/python3.10/dist-packages (from chromadb) (1.10.12)\n","Collecting chroma-hnswlib==0.7.3 (from chromadb)\n","  Downloading chroma_hnswlib-0.7.3-cp310-cp310-manylinux_2_17_x86_64.manylinux2014_x86_64.whl (2.4 MB)\n","\u001b[2K     \u001b[90m━━━━━━━━━━━━━━━━━━━━━━━━━━━━━━━━━━━━━━━━\u001b[0m \u001b[32m2.4/2.4 MB\u001b[0m \u001b[31m39.6 MB/s\u001b[0m eta \u001b[36m0:00:00\u001b[0m\n","\u001b[?25hCollecting fastapi>=0.95.2 (from chromadb)\n","  Downloading fastapi-0.103.1-py3-none-any.whl (66 kB)\n","\u001b[2K     \u001b[90m━━━━━━━━━━━━━━━━━━━━━━━━━━━━━━━━━━━━━━━━\u001b[0m \u001b[32m66.2/66.2 kB\u001b[0m \u001b[31m7.9 MB/s\u001b[0m eta \u001b[36m0:00:00\u001b[0m\n","\u001b[?25hCollecting uvicorn[standard]>=0.18.3 (from chromadb)\n","  Downloading uvicorn-0.23.2-py3-none-any.whl (59 kB)\n","\u001b[2K     \u001b[90m━━━━━━━━━━━━━━━━━━━━━━━━━━━━━━━━━━━━━━━━\u001b[0m \u001b[32m59.5/59.5 kB\u001b[0m \u001b[31m3.6 MB/s\u001b[0m eta \u001b[36m0:00:00\u001b[0m\n","\u001b[?25hCollecting posthog>=2.4.0 (from chromadb)\n","  Downloading posthog-3.0.2-py2.py3-none-any.whl (37 kB)\n","Requirement already satisfied: typing-extensions>=4.5.0 in /usr/local/lib/python3.10/dist-packages (from chromadb) (4.5.0)\n","Collecting pulsar-client>=3.1.0 (from chromadb)\n","  Downloading pulsar_client-3.3.0-cp310-cp310-manylinux_2_17_x86_64.manylinux2014_x86_64.whl (5.4 MB)\n","\u001b[2K     \u001b[90m━━━━━━━━━━━━━━━━━━━━━━━━━━━━━━━━━━━━━━━━\u001b[0m \u001b[32m5.4/5.4 MB\u001b[0m \u001b[31m66.5 MB/s\u001b[0m eta \u001b[36m0:00:00\u001b[0m\n","\u001b[?25hCollecting onnxruntime>=1.14.1 (from chromadb)\n","  Downloading onnxruntime-1.16.0-cp310-cp310-manylinux_2_17_x86_64.manylinux2014_x86_64.whl (6.2 MB)\n","\u001b[2K     \u001b[90m━━━━━━━━━━━━━━━━━━━━━━━━━━━━━━━━━━━━━━━━\u001b[0m \u001b[32m6.2/6.2 MB\u001b[0m \u001b[31m72.7 MB/s\u001b[0m eta \u001b[36m0:00:00\u001b[0m\n","\u001b[?25hCollecting tokenizers>=0.13.2 (from chromadb)\n","  Downloading tokenizers-0.14.0-cp310-cp310-manylinux_2_17_x86_64.manylinux2014_x86_64.whl (3.8 MB)\n","\u001b[2K     \u001b[90m━━━━━━━━━━━━━━━━━━━━━━━━━━━━━━━━━━━━━━━━\u001b[0m \u001b[32m3.8/3.8 MB\u001b[0m \u001b[31m56.8 MB/s\u001b[0m eta \u001b[36m0:00:00\u001b[0m\n","\u001b[?25hCollecting pypika>=0.48.9 (from chromadb)\n","  Downloading PyPika-0.48.9.tar.gz (67 kB)\n","\u001b[2K     \u001b[90m━━━━━━━━━━━━━━━━━━━━━━━━━━━━━━━━━━━━━━━━\u001b[0m \u001b[32m67.3/67.3 kB\u001b[0m \u001b[31m8.0 MB/s\u001b[0m eta \u001b[36m0:00:00\u001b[0m\n","\u001b[?25h  Installing build dependencies ... \u001b[?25l\u001b[?25hdone\n","  Getting requirements to build wheel ... \u001b[?25l\u001b[?25hdone\n","  Preparing metadata (pyproject.toml) ... \u001b[?25l\u001b[?25hdone\n","Requirement already satisfied: tqdm>=4.65.0 in /usr/local/lib/python3.10/dist-packages (from chromadb) (4.66.1)\n","Collecting overrides>=7.3.1 (from chromadb)\n","  Downloading overrides-7.4.0-py3-none-any.whl (17 kB)\n","Requirement already satisfied: importlib-resources in /usr/local/lib/python3.10/dist-packages (from chromadb) (6.0.1)\n","Collecting bcrypt>=4.0.1 (from chromadb)\n","  Downloading bcrypt-4.0.1-cp36-abi3-manylinux_2_28_x86_64.whl (593 kB)\n","\u001b[2K     \u001b[90m━━━━━━━━━━━━━━━━━━━━━━━━━━━━━━━━━━━━━━\u001b[0m \u001b[32m593.7/593.7 kB\u001b[0m \u001b[31m18.2 MB/s\u001b[0m eta \u001b[36m0:00:00\u001b[0m\n","\u001b[?25hRequirement already satisfied: typer>=0.9.0 in /usr/local/lib/python3.10/dist-packages (from chromadb) (0.9.0)\n","Requirement already satisfied: numpy>=1.22.5 in /usr/local/lib/python3.10/dist-packages (from chromadb) (1.23.5)\n","Requirement already satisfied: anyio<4.0.0,>=3.7.1 in /usr/local/lib/python3.10/dist-packages (from fastapi>=0.95.2->chromadb) (3.7.1)\n","Collecting starlette<0.28.0,>=0.27.0 (from fastapi>=0.95.2->chromadb)\n","  Downloading starlette-0.27.0-py3-none-any.whl (66 kB)\n","\u001b[2K     \u001b[90m━━━━━━━━━━━━━━━━━━━━━━━━━━━━━━━━━━━━━━━━\u001b[0m \u001b[32m67.0/67.0 kB\u001b[0m \u001b[31m2.2 MB/s\u001b[0m eta \u001b[36m0:00:00\u001b[0m\n","\u001b[?25hCollecting coloredlogs (from onnxruntime>=1.14.1->chromadb)\n","  Downloading coloredlogs-15.0.1-py2.py3-none-any.whl (46 kB)\n","\u001b[2K     \u001b[90m━━━━━━━━━━━━━━━━━━━━━━━━━━━━━━━━━━━━━━━━\u001b[0m \u001b[32m46.0/46.0 kB\u001b[0m \u001b[31m5.3 MB/s\u001b[0m eta \u001b[36m0:00:00\u001b[0m\n","\u001b[?25hRequirement already satisfied: flatbuffers in /usr/local/lib/python3.10/dist-packages (from onnxruntime>=1.14.1->chromadb) (23.5.26)\n","Requirement already satisfied: packaging in /usr/local/lib/python3.10/dist-packages (from onnxruntime>=1.14.1->chromadb) (23.1)\n","Requirement already satisfied: protobuf in /usr/local/lib/python3.10/dist-packages (from onnxruntime>=1.14.1->chromadb) (3.20.3)\n","Requirement already satisfied: sympy in /usr/local/lib/python3.10/dist-packages (from onnxruntime>=1.14.1->chromadb) (1.12)\n","Requirement already satisfied: six>=1.5 in /usr/local/lib/python3.10/dist-packages (from posthog>=2.4.0->chromadb) (1.16.0)\n","Collecting monotonic>=1.5 (from posthog>=2.4.0->chromadb)\n","  Downloading monotonic-1.6-py2.py3-none-any.whl (8.2 kB)\n","Collecting backoff>=1.10.0 (from posthog>=2.4.0->chromadb)\n","  Downloading backoff-2.2.1-py3-none-any.whl (15 kB)\n","Requirement already satisfied: python-dateutil>2.1 in /usr/local/lib/python3.10/dist-packages (from posthog>=2.4.0->chromadb) (2.8.2)\n","Requirement already satisfied: certifi in /usr/local/lib/python3.10/dist-packages (from pulsar-client>=3.1.0->chromadb) (2023.7.22)\n","Requirement already satisfied: charset-normalizer<4,>=2 in /usr/local/lib/python3.10/dist-packages (from requests>=2.28->chromadb) (3.2.0)\n","Requirement already satisfied: idna<4,>=2.5 in /usr/local/lib/python3.10/dist-packages (from requests>=2.28->chromadb) (3.4)\n","Requirement already satisfied: urllib3<3,>=1.21.1 in /usr/local/lib/python3.10/dist-packages (from requests>=2.28->chromadb) (2.0.4)\n","Collecting huggingface_hub<0.17,>=0.16.4 (from tokenizers>=0.13.2->chromadb)\n","  Downloading huggingface_hub-0.16.4-py3-none-any.whl (268 kB)\n","\u001b[2K     \u001b[90m━━━━━━━━━━━━━━━━━━━━━━━━━━━━━━━━━━━━━━\u001b[0m \u001b[32m268.8/268.8 kB\u001b[0m \u001b[31m24.0 MB/s\u001b[0m eta \u001b[36m0:00:00\u001b[0m\n","\u001b[?25hRequirement already satisfied: click<9.0.0,>=7.1.1 in /usr/local/lib/python3.10/dist-packages (from typer>=0.9.0->chromadb) (8.1.7)\n","Collecting h11>=0.8 (from uvicorn[standard]>=0.18.3->chromadb)\n","  Downloading h11-0.14.0-py3-none-any.whl (58 kB)\n","\u001b[2K     \u001b[90m━━━━━━━━━━━━━━━━━━━━━━━━━━━━━━━━━━━━━━━━\u001b[0m \u001b[32m58.3/58.3 kB\u001b[0m \u001b[31m6.8 MB/s\u001b[0m eta \u001b[36m0:00:00\u001b[0m\n","\u001b[?25hCollecting httptools>=0.5.0 (from uvicorn[standard]>=0.18.3->chromadb)\n","  Downloading httptools-0.6.0-cp310-cp310-manylinux_2_5_x86_64.manylinux1_x86_64.manylinux_2_17_x86_64.manylinux2014_x86_64.whl (428 kB)\n","\u001b[2K     \u001b[90m━━━━━━━━━━━━━━━━━━━━━━━━━━━━━━━━━━━━━━\u001b[0m \u001b[32m428.8/428.8 kB\u001b[0m \u001b[31m31.2 MB/s\u001b[0m eta \u001b[36m0:00:00\u001b[0m\n","\u001b[?25hCollecting python-dotenv>=0.13 (from uvicorn[standard]>=0.18.3->chromadb)\n","  Downloading python_dotenv-1.0.0-py3-none-any.whl (19 kB)\n","Requirement already satisfied: pyyaml>=5.1 in /usr/local/lib/python3.10/dist-packages (from uvicorn[standard]>=0.18.3->chromadb) (6.0.1)\n","Collecting uvloop!=0.15.0,!=0.15.1,>=0.14.0 (from uvicorn[standard]>=0.18.3->chromadb)\n","  Downloading uvloop-0.17.0-cp310-cp310-manylinux_2_17_x86_64.manylinux2014_x86_64.whl (4.1 MB)\n","\u001b[2K     \u001b[90m━━━━━━━━━━━━━━━━━━━━━━━━━━━━━━━━━━━━━━━━\u001b[0m \u001b[32m4.1/4.1 MB\u001b[0m \u001b[31m50.3 MB/s\u001b[0m eta \u001b[36m0:00:00\u001b[0m\n","\u001b[?25hCollecting watchfiles>=0.13 (from uvicorn[standard]>=0.18.3->chromadb)\n","  Downloading watchfiles-0.20.0-cp37-abi3-manylinux_2_17_x86_64.manylinux2014_x86_64.whl (1.3 MB)\n","\u001b[2K     \u001b[90m━━━━━━━━━━━━━━━━━━━━━━━━━━━━━━━━━━━━━━━━\u001b[0m \u001b[32m1.3/1.3 MB\u001b[0m \u001b[31m80.6 MB/s\u001b[0m eta \u001b[36m0:00:00\u001b[0m\n","\u001b[?25hCollecting websockets>=10.4 (from uvicorn[standard]>=0.18.3->chromadb)\n","  Downloading websockets-11.0.3-cp310-cp310-manylinux_2_5_x86_64.manylinux1_x86_64.manylinux_2_17_x86_64.manylinux2014_x86_64.whl (129 kB)\n","\u001b[2K     \u001b[90m━━━━━━━━━━━━━━━━━━━━━━━━━━━━━━━━━━━━━━\u001b[0m \u001b[32m129.9/129.9 kB\u001b[0m \u001b[31m16.4 MB/s\u001b[0m eta \u001b[36m0:00:00\u001b[0m\n","\u001b[?25hRequirement already satisfied: sniffio>=1.1 in /usr/local/lib/python3.10/dist-packages (from anyio<4.0.0,>=3.7.1->fastapi>=0.95.2->chromadb) (1.3.0)\n","Requirement already satisfied: exceptiongroup in /usr/local/lib/python3.10/dist-packages (from anyio<4.0.0,>=3.7.1->fastapi>=0.95.2->chromadb) (1.1.3)\n","Requirement already satisfied: filelock in /usr/local/lib/python3.10/dist-packages (from huggingface_hub<0.17,>=0.16.4->tokenizers>=0.13.2->chromadb) (3.12.2)\n","Requirement already satisfied: fsspec in /usr/local/lib/python3.10/dist-packages (from huggingface_hub<0.17,>=0.16.4->tokenizers>=0.13.2->chromadb) (2023.6.0)\n","Collecting humanfriendly>=9.1 (from coloredlogs->onnxruntime>=1.14.1->chromadb)\n","  Downloading humanfriendly-10.0-py2.py3-none-any.whl (86 kB)\n","\u001b[2K     \u001b[90m━━━━━━━━━━━━━━━━━━━━━━━━━━━━━━━━━━━━━━━━\u001b[0m \u001b[32m86.8/86.8 kB\u001b[0m \u001b[31m9.7 MB/s\u001b[0m eta \u001b[36m0:00:00\u001b[0m\n","\u001b[?25hRequirement already satisfied: mpmath>=0.19 in /usr/local/lib/python3.10/dist-packages (from sympy->onnxruntime>=1.14.1->chromadb) (1.3.0)\n","Building wheels for collected packages: pypika\n","  Building wheel for pypika (pyproject.toml) ... \u001b[?25l\u001b[?25hdone\n","  Created wheel for pypika: filename=PyPika-0.48.9-py2.py3-none-any.whl size=53723 sha256=bff8331273b3cdfa20e4565569207f1cae3969c75101c48a0510bb7c44540b72\n","  Stored in directory: /root/.cache/pip/wheels/e1/26/51/d0bffb3d2fd82256676d7ad3003faea3bd6dddc9577af665f4\n","Successfully built pypika\n","Installing collected packages: pypika, monotonic, websockets, uvloop, python-dotenv, pulsar-client, overrides, humanfriendly, httptools, h11, chroma-hnswlib, bcrypt, backoff, watchfiles, uvicorn, starlette, posthog, huggingface_hub, coloredlogs, tokenizers, onnxruntime, fastapi, chromadb\n","Successfully installed backoff-2.2.1 bcrypt-4.0.1 chroma-hnswlib-0.7.3 chromadb-0.4.13 coloredlogs-15.0.1 fastapi-0.103.1 h11-0.14.0 httptools-0.6.0 huggingface_hub-0.16.4 humanfriendly-10.0 monotonic-1.6 onnxruntime-1.16.0 overrides-7.4.0 posthog-3.0.2 pulsar-client-3.3.0 pypika-0.48.9 python-dotenv-1.0.0 starlette-0.27.0 tokenizers-0.14.0 uvicorn-0.23.2 uvloop-0.17.0 watchfiles-0.20.0 websockets-11.0.3\n"]}]},{"cell_type":"code","source":["pip install tiktoken"],"metadata":{"colab":{"base_uri":"https://localhost:8080/"},"id":"6j7YtBQ5_AWS","executionInfo":{"status":"ok","timestamp":1695387865759,"user_tz":-330,"elapsed":7322,"user":{"displayName":"Ishu jain","userId":"06791916763993434474"}},"outputId":"a02bd920-722d-4bd8-e734-2876fb4d372e"},"execution_count":null,"outputs":[{"output_type":"stream","name":"stdout","text":["Collecting tiktoken\n","  Downloading tiktoken-0.5.1-cp310-cp310-manylinux_2_17_x86_64.manylinux2014_x86_64.whl (2.0 MB)\n","\u001b[2K     \u001b[90m━━━━━━━━━━━━━━━━━━━━━━━━━━━━━━━━━━━━━━━━\u001b[0m \u001b[32m2.0/2.0 MB\u001b[0m \u001b[31m7.4 MB/s\u001b[0m eta \u001b[36m0:00:00\u001b[0m\n","\u001b[?25hRequirement already satisfied: regex>=2022.1.18 in /usr/local/lib/python3.10/dist-packages (from tiktoken) (2023.6.3)\n","Requirement already satisfied: requests>=2.26.0 in /usr/local/lib/python3.10/dist-packages (from tiktoken) (2.31.0)\n","Requirement already satisfied: charset-normalizer<4,>=2 in /usr/local/lib/python3.10/dist-packages (from requests>=2.26.0->tiktoken) (3.2.0)\n","Requirement already satisfied: idna<4,>=2.5 in /usr/local/lib/python3.10/dist-packages (from requests>=2.26.0->tiktoken) (3.4)\n","Requirement already satisfied: urllib3<3,>=1.21.1 in /usr/local/lib/python3.10/dist-packages (from requests>=2.26.0->tiktoken) (2.0.4)\n","Requirement already satisfied: certifi>=2017.4.17 in /usr/local/lib/python3.10/dist-packages (from requests>=2.26.0->tiktoken) (2023.7.22)\n","Installing collected packages: tiktoken\n","Successfully installed tiktoken-0.5.1\n"]}]},{"cell_type":"code","source":[],"metadata":{"id":"rHyDYNoP_bEp"},"execution_count":null,"outputs":[]}]}